2007-03-24 20:16:09,296 INFO [org.grindyproject.generic.dao.PersonManagerTest] - Loading context for: classpath:applicationContext-*.xml
2007-03-24 20:16:09,359 INFO [org.springframework.core.CollectionFactory] - JDK 1.4+ collections available
2007-03-24 20:16:09,359 INFO [org.springframework.core.CollectionFactory] - Commons Collections 3.x available
2007-03-24 20:16:09,421 INFO [org.springframework.beans.factory.xml.XmlBeanDefinitionReader] - Loading XML bean definitions from file [F:\Projects\eclipsesn\mmsweb\build\classes\applicationContext-iBatis.xml]
2007-03-24 20:16:09,671 INFO [org.springframework.context.support.ClassPathXmlApplicationContext] - Bean factory for application context [org.springframework.context.support.ClassPathXmlApplicationContext;hashCode=10736847]: org.springframework.beans.factory.support.DefaultListableBeanFactory defining beans [propertyConfigurer,dataSource,sqlMapClient,transactionManager,personManager,personDao]; root of BeanFactory hierarchy
2007-03-24 20:16:09,671 INFO [org.springframework.context.support.ClassPathXmlApplicationContext] - 6 beans defined in application context [org.springframework.context.support.ClassPathXmlApplicationContext;hashCode=10736847]
2007-03-24 20:16:09,765 INFO [org.springframework.beans.factory.config.PropertyPlaceholderConfigurer] - Loading properties file from class path resource [jdbc.properties]
2007-03-24 20:16:09,781 INFO [org.springframework.context.support.ClassPathXmlApplicationContext] - Unable to locate MessageSource with name 'messageSource': using default [org.springframework.context.support.DelegatingMessageSource@165a3c2]
2007-03-24 20:16:09,781 INFO [org.springframework.context.support.ClassPathXmlApplicationContext] - Unable to locate ApplicationEventMulticaster with name 'applicationEventMulticaster': using default [org.springframework.context.event.SimpleApplicationEventMulticaster@1bb5c09]
2007-03-24 20:16:09,781 INFO [org.springframework.beans.factory.support.DefaultListableBeanFactory] - Pre-instantiating singletons in factory [org.springframework.beans.factory.support.DefaultListableBeanFactory defining beans [propertyConfigurer,dataSource,sqlMapClient,transactionManager,personManager,personDao]; root of BeanFactory hierarchy]
2007-03-24 20:16:10,171 INFO [org.springframework.jdbc.datasource.JdbcTransactionObjectSupport] - JDBC 3.0 Savepoint class is available
2007-03-24 20:16:10,828 INFO [org.grindyproject.generic.dao.PersonManagerTest] - Began transaction (1): transaction manager [org.springframework.jdbc.datasource.DataSourceTransactionManager@4be2cc]; default rollback = true
2007-03-24 20:16:12,000 INFO [org.grindyproject.generic.dao.PersonManagerTest] - PersonPerson {id=19, name=Ruslan}
2007-03-24 20:16:12,015 INFO [org.grindyproject.generic.dao.PersonManagerTest] - Rolled back transaction after test execution
2007-03-24 20:16:12,015 INFO [org.springframework.context.support.ClassPathXmlApplicationContext] - Closing application context [org.springframework.context.support.ClassPathXmlApplicationContext;hashCode=10736847]
2007-03-24 20:16:12,015 INFO [org.springframework.beans.factory.support.DefaultListableBeanFactory] - Destroying singletons in {org.springframework.beans.factory.support.DefaultListableBeanFactory defining beans [propertyConfigurer,dataSource,sqlMapClient,transactionManager,personManager,personDao]; root of BeanFactory hierarchy}
2007-03-24 20:21:47,265 INFO [org.grindyproject.generic.dao.PersonDaoTest] - Loading context for: classpath:applicationContext-*.xml
2007-03-24 20:21:47,328 INFO [org.springframework.core.CollectionFactory] - JDK 1.4+ collections available
2007-03-24 20:21:47,328 INFO [org.springframework.core.CollectionFactory] - Commons Collections 3.x available
2007-03-24 20:21:47,390 INFO [org.springframework.beans.factory.xml.XmlBeanDefinitionReader] - Loading XML bean definitions from file [F:\Projects\eclipsesn\mmsweb\build\classes\applicationContext-iBatis.xml]
2007-03-24 20:21:47,625 INFO [org.springframework.context.support.ClassPathXmlApplicationContext] - Bean factory for application context [org.springframework.context.support.ClassPathXmlApplicationContext;hashCode=32023030]: org.springframework.beans.factory.support.DefaultListableBeanFactory defining beans [propertyConfigurer,dataSource,sqlMapClient,transactionManager,personManager,personDao]; root of BeanFactory hierarchy
2007-03-24 20:21:47,640 INFO [org.springframework.context.support.ClassPathXmlApplicationContext] - 6 beans defined in application context [org.springframework.context.support.ClassPathXmlApplicationContext;hashCode=32023030]
2007-03-24 20:21:47,734 INFO [org.springframework.beans.factory.config.PropertyPlaceholderConfigurer] - Loading properties file from class path resource [jdbc.properties]
2007-03-24 20:21:47,734 INFO [org.springframework.context.support.ClassPathXmlApplicationContext] - Unable to locate MessageSource with name 'messageSource': using default [org.springframework.context.support.DelegatingMessageSource@1e228bc]
2007-03-24 20:21:47,734 INFO [org.springframework.context.support.ClassPathXmlApplicationContext] - Unable to locate ApplicationEventMulticaster with name 'applicationEventMulticaster': using default [org.springframework.context.event.SimpleApplicationEventMulticaster@1976011]
2007-03-24 20:21:47,765 INFO [org.springframework.beans.factory.support.DefaultListableBeanFactory] - Pre-instantiating singletons in factory [org.springframework.beans.factory.support.DefaultListableBeanFactory defining beans [propertyConfigurer,dataSource,sqlMapClient,transactionManager,personManager,personDao]; root of BeanFactory hierarchy]
2007-03-24 20:21:48,125 INFO [org.springframework.jdbc.datasource.JdbcTransactionObjectSupport] - JDBC 3.0 Savepoint class is available
2007-03-24 20:21:50,296 INFO [org.springframework.context.support.ClassPathXmlApplicationContext] - Closing application context [org.springframework.context.support.ClassPathXmlApplicationContext;hashCode=32023030]
2007-03-24 20:21:50,296 INFO [org.springframework.beans.factory.support.DefaultListableBeanFactory] - Destroying singletons in {org.springframework.beans.factory.support.DefaultListableBeanFactory defining beans [propertyConfigurer,dataSource,sqlMapClient,transactionManager,personManager,personDao]; root of BeanFactory hierarchy}
2007-03-24 20:28:03,312 INFO [org.grindyproject.generic.dao.PersonDaoTest] - Loading context for: classpath:applicationContext-*.xml
2007-03-24 20:28:03,437 INFO [org.springframework.core.CollectionFactory] - JDK 1.4+ collections available
2007-03-24 20:28:03,453 INFO [org.springframework.core.CollectionFactory] - Commons Collections 3.x available
2007-03-24 20:28:03,484 INFO [org.springframework.beans.factory.xml.XmlBeanDefinitionReader] - Loading XML bean definitions from file [F:\Projects\eclipsesn\mmsweb\build\classes\applicationContext-iBatis.xml]
2007-03-24 20:28:03,734 INFO [org.springframework.context.support.ClassPathXmlApplicationContext] - Bean factory for application context [org.springframework.context.support.ClassPathXmlApplicationContext;hashCode=32023030]: org.springframework.beans.factory.support.DefaultListableBeanFactory defining beans [propertyConfigurer,dataSource,sqlMapClient,transactionManager,personManager,personDao]; root of BeanFactory hierarchy
2007-03-24 20:28:03,734 INFO [org.springframework.context.support.ClassPathXmlApplicationContext] - 6 beans defined in application context [org.springframework.context.support.ClassPathXmlApplicationContext;hashCode=32023030]
2007-03-24 20:28:03,828 INFO [org.springframework.beans.factory.config.PropertyPlaceholderConfigurer] - Loading properties file from class path resource [jdbc.properties]
2007-03-24 20:28:03,828 INFO [org.springframework.context.support.ClassPathXmlApplicationContext] - Unable to locate MessageSource with name 'messageSource': using default [org.springframework.context.support.DelegatingMessageSource@1e228bc]
2007-03-24 20:28:03,843 INFO [org.springframework.context.support.ClassPathXmlApplicationContext] - Unable to locate ApplicationEventMulticaster with name 'applicationEventMulticaster': using default [org.springframework.context.event.SimpleApplicationEventMulticaster@1976011]
2007-03-24 20:28:03,843 INFO [org.springframework.beans.factory.support.DefaultListableBeanFactory] - Pre-instantiating singletons in factory [org.springframework.beans.factory.support.DefaultListableBeanFactory defining beans [propertyConfigurer,dataSource,sqlMapClient,transactionManager,personManager,personDao]; root of BeanFactory hierarchy]
2007-03-24 20:28:04,218 INFO [org.springframework.jdbc.datasource.JdbcTransactionObjectSupport] - JDBC 3.0 Savepoint class is available
2007-03-24 20:28:05,093 INFO [org.grindyproject.generic.dao.PersonDaoTest] - Began transaction (1): transaction manager [org.springframework.jdbc.datasource.DataSourceTransactionManager@4be2cc]; default rollback = true
2007-03-24 20:28:05,656 INFO [org.grindyproject.generic.dao.PersonDaoTest] - Total size is 7
2007-03-24 20:28:05,656 INFO [org.grindyproject.generic.dao.PersonDaoTest] - Person {id=21, name=Galina}
2007-03-24 20:28:05,656 INFO [org.grindyproject.generic.dao.PersonDaoTest] - Person {id=22, name=Ilgar}
2007-03-24 20:28:05,656 INFO [org.grindyproject.generic.dao.PersonDaoTest] - Person {id=23, name=Sabina}
2007-03-24 20:28:05,656 INFO [org.grindyproject.generic.dao.PersonDaoTest] - Person {id=24, name=Aydin}
2007-03-24 20:28:05,656 INFO [org.grindyproject.generic.dao.PersonDaoTest] - Person {id=25, name=Javid}
2007-03-24 20:28:05,656 INFO [org.grindyproject.generic.dao.PersonDaoTest] - Person {id=26, name=Ruslan-2}
2007-03-24 20:28:05,656 INFO [org.grindyproject.generic.dao.PersonDaoTest] - Person {id=27, name=Elchin}
2007-03-24 20:28:05,656 INFO [org.grindyproject.generic.dao.PersonDaoTest] - Rolled back transaction after test execution
2007-03-24 20:28:05,656 INFO [org.grindyproject.generic.dao.PersonDaoTest] - Began transaction (1): transaction manager [org.springframework.jdbc.datasource.DataSourceTransactionManager@4be2cc]; default rollback = true
2007-03-24 20:28:05,890 INFO [org.grindyproject.generic.dao.PersonDaoTest] - Committed transaction after test execution
2007-03-24 20:28:05,890 INFO [org.grindyproject.generic.dao.PersonDaoTest] - Id is:33
2007-03-24 20:28:05,937 INFO [org.springframework.context.support.ClassPathXmlApplicationContext] - Closing application context [org.springframework.context.support.ClassPathXmlApplicationContext;hashCode=32023030]
2007-03-24 20:28:05,937 INFO [org.springframework.beans.factory.support.DefaultListableBeanFactory] - Destroying singletons in {org.springframework.beans.factory.support.DefaultListableBeanFactory defining beans [propertyConfigurer,dataSource,sqlMapClient,transactionManager,personManager,personDao]; root of BeanFactory hierarchy}
2007-03-24 23:40:49,421 INFO [org.grindyproject.generic.dao.PersonDaoTest] - Loading context for: classpath:applicationContext-*.xml
2007-03-24 23:40:49,531 INFO [org.springframework.core.CollectionFactory] - JDK 1.4+ collections available
2007-03-24 23:40:49,546 INFO [org.springframework.core.CollectionFactory] - Commons Collections 3.x available
2007-03-24 23:40:49,734 INFO [org.springframework.beans.factory.xml.XmlBeanDefinitionReader] - Loading XML bean definitions from file [F:\Projects\eclipsesn\mmsweb\build\classes\applicationContext-iBatis.xml]
2007-03-24 23:40:50,156 INFO [org.springframework.context.support.ClassPathXmlApplicationContext] - Bean factory for application context [org.springframework.context.support.ClassPathXmlApplicationContext;hashCode=10736847]: org.springframework.beans.factory.support.DefaultListableBeanFactory defining beans [propertyConfigurer,dataSource,sqlMapClient,transactionManager,personManager,personDao]; root of BeanFactory hierarchy
2007-03-24 23:40:50,171 INFO [org.springframework.context.support.ClassPathXmlApplicationContext] - 6 beans defined in application context [org.springframework.context.support.ClassPathXmlApplicationContext;hashCode=10736847]
2007-03-24 23:40:50,468 INFO [org.springframework.beans.factory.config.PropertyPlaceholderConfigurer] - Loading properties file from class path resource [jdbc.properties]
2007-03-24 23:40:50,500 INFO [org.springframework.context.support.ClassPathXmlApplicationContext] - Unable to locate MessageSource with name 'messageSource': using default [org.springframework.context.support.DelegatingMessageSource@165a3c2]
2007-03-24 23:40:50,500 INFO [org.springframework.context.support.ClassPathXmlApplicationContext] - Unable to locate ApplicationEventMulticaster with name 'applicationEventMulticaster': using default [org.springframework.context.event.SimpleApplicationEventMulticaster@1bb5c09]
2007-03-24 23:40:50,500 INFO [org.springframework.beans.factory.support.DefaultListableBeanFactory] - Pre-instantiating singletons in factory [org.springframework.beans.factory.support.DefaultListableBeanFactory defining beans [propertyConfigurer,dataSource,sqlMapClient,transactionManager,personManager,personDao]; root of BeanFactory hierarchy]
2007-03-24 23:40:51,578 INFO [org.springframework.jdbc.datasource.JdbcTransactionObjectSupport] - JDBC 3.0 Savepoint class is available
2007-03-24 23:40:52,921 INFO [org.springframework.context.support.ClassPathXmlApplicationContext] - Closing application context [org.springframework.context.support.ClassPathXmlApplicationContext;hashCode=10736847]
2007-03-24 23:40:52,921 INFO [org.springframework.beans.factory.support.DefaultListableBeanFactory] - Destroying singletons in {org.springframework.beans.factory.support.DefaultListableBeanFactory defining beans [propertyConfigurer,dataSource,sqlMapClient,transactionManager,personManager,personDao]; root of BeanFactory hierarchy}
2007-03-24 23:41:11,859 INFO [org.grindyproject.generic.dao.PersonDaoTest] - Loading context for: classpath:applicationContext-*.xml
2007-03-24 23:41:11,953 INFO [org.springframework.core.CollectionFactory] - JDK 1.4+ collections available
2007-03-24 23:41:11,953 INFO [org.springframework.core.CollectionFactory] - Commons Collections 3.x available
2007-03-24 23:41:12,078 INFO [org.springframework.beans.factory.xml.XmlBeanDefinitionReader] - Loading XML bean definitions from file [F:\Projects\eclipsesn\mmsweb\build\classes\applicationContext-iBatis.xml]
2007-03-24 23:41:12,359 INFO [org.springframework.context.support.ClassPathXmlApplicationContext] - Bean factory for application context [org.springframework.context.support.ClassPathXmlApplicationContext;hashCode=10736847]: org.springframework.beans.factory.support.DefaultListableBeanFactory defining beans [propertyConfigurer,dataSource,sqlMapClient,transactionManager,personManager,personDao]; root of BeanFactory hierarchy
2007-03-24 23:41:12,390 INFO [org.springframework.context.support.ClassPathXmlApplicationContext] - 6 beans defined in application context [org.springframework.context.support.ClassPathXmlApplicationContext;hashCode=10736847]
2007-03-24 23:41:12,500 INFO [org.springframework.beans.factory.config.PropertyPlaceholderConfigurer] - Loading properties file from class path resource [jdbc.properties]
2007-03-24 23:41:12,500 INFO [org.springframework.context.support.ClassPathXmlApplicationContext] - Unable to locate MessageSource with name 'messageSource': using default [org.springframework.context.support.DelegatingMessageSource@165a3c2]
2007-03-24 23:41:12,515 INFO [org.springframework.context.support.ClassPathXmlApplicationContext] - Unable to locate ApplicationEventMulticaster with name 'applicationEventMulticaster': using default [org.springframework.context.event.SimpleApplicationEventMulticaster@1bb5c09]
2007-03-24 23:41:12,515 INFO [org.springframework.beans.factory.support.DefaultListableBeanFactory] - Pre-instantiating singletons in factory [org.springframework.beans.factory.support.DefaultListableBeanFactory defining beans [propertyConfigurer,dataSource,sqlMapClient,transactionManager,personManager,personDao]; root of BeanFactory hierarchy]
2007-03-24 23:41:12,984 INFO [org.springframework.jdbc.datasource.JdbcTransactionObjectSupport] - JDBC 3.0 Savepoint class is available
2007-03-24 23:41:14,000 INFO [org.grindyproject.generic.dao.PersonDaoTest] - Began transaction (1): transaction manager [org.springframework.jdbc.datasource.DataSourceTransactionManager@16ef71]; default rollback = true
2007-03-24 23:41:14,109 INFO [org.grindyproject.generic.dao.PersonDaoTest] - Rolled back transaction after test execution
2007-03-24 23:41:14,125 INFO [org.springframework.context.support.ClassPathXmlApplicationContext] - Closing application context [org.springframework.context.support.ClassPathXmlApplicationContext;hashCode=10736847]
2007-03-24 23:41:14,125 INFO [org.springframework.beans.factory.support.DefaultListableBeanFactory] - Destroying singletons in {org.springframework.beans.factory.support.DefaultListableBeanFactory defining beans [propertyConfigurer,dataSource,sqlMapClient,transactionManager,personManager,personDao]; root of BeanFactory hierarchy}
2007-03-24 23:41:49,062 INFO [org.grindyproject.generic.dao.PersonDaoTest] - Loading context for: classpath:applicationContext-*.xml
2007-03-24 23:41:49,234 INFO [org.springframework.core.CollectionFactory] - JDK 1.4+ collections available
2007-03-24 23:41:49,250 INFO [org.springframework.core.CollectionFactory] - Commons Collections 3.x available
2007-03-24 23:41:49,312 INFO [org.springframework.beans.factory.xml.XmlBeanDefinitionReader] - Loading XML bean definitions from file [F:\Projects\eclipsesn\mmsweb\build\classes\applicationContext-iBatis.xml]
2007-03-24 23:41:49,593 INFO [org.springframework.context.support.ClassPathXmlApplicationContext] - Bean factory for application context [org.springframework.context.support.ClassPathXmlApplicationContext;hashCode=10736847]: org.springframework.beans.factory.support.DefaultListableBeanFactory defining beans [propertyConfigurer,dataSource,sqlMapClient,transactionManager,personManager,personDao]; root of BeanFactory hierarchy
2007-03-24 23:41:49,593 INFO [org.springframework.context.support.ClassPathXmlApplicationContext] - 6 beans defined in application context [org.springframework.context.support.ClassPathXmlApplicationContext;hashCode=10736847]
2007-03-24 23:41:49,703 INFO [org.springframework.beans.factory.config.PropertyPlaceholderConfigurer] - Loading properties file from class path resource [jdbc.properties]
2007-03-24 23:41:49,718 INFO [org.springframework.context.support.ClassPathXmlApplicationContext] - Unable to locate MessageSource with name 'messageSource': using default [org.springframework.context.support.DelegatingMessageSource@165a3c2]
2007-03-24 23:41:49,718 INFO [org.springframework.context.support.ClassPathXmlApplicationContext] - Unable to locate ApplicationEventMulticaster with name 'applicationEventMulticaster': using default [org.springframework.context.event.SimpleApplicationEventMulticaster@1bb5c09]
2007-03-24 23:41:49,718 INFO [org.springframework.beans.factory.support.DefaultListableBeanFactory] - Pre-instantiating singletons in factory [org.springframework.beans.factory.support.DefaultListableBeanFactory defining beans [propertyConfigurer,dataSource,sqlMapClient,transactionManager,personManager,personDao]; root of BeanFactory hierarchy]
2007-03-24 23:41:50,187 INFO [org.springframework.jdbc.datasource.JdbcTransactionObjectSupport] - JDBC 3.0 Savepoint class is available
2007-03-24 23:41:50,734 INFO [org.grindyproject.generic.dao.PersonDaoTest] - Began transaction (1): transaction manager [org.springframework.jdbc.datasource.DataSourceTransactionManager@16ef71]; default rollback = true
2007-03-24 23:41:50,750 INFO [org.grindyproject.generic.dao.PersonDaoTest] - Rolled back transaction after test execution
2007-03-24 23:41:50,765 INFO [org.springframework.context.support.ClassPathXmlApplicationContext] - Closing application context [org.springframework.context.support.ClassPathXmlApplicationContext;hashCode=10736847]
2007-03-24 23:41:50,765 INFO [org.springframework.beans.factory.support.DefaultListableBeanFactory] - Destroying singletons in {org.springframework.beans.factory.support.DefaultListableBeanFactory defining beans [propertyConfigurer,dataSource,sqlMapClient,transactionManager,personManager,personDao]; root of BeanFactory hierarchy}
2007-03-24 23:43:16,953 INFO [org.grindyproject.generic.dao.PersonDaoTest] - Loading context for: classpath:applicationContext-*.xml
2007-03-24 23:43:17,031 INFO [org.springframework.core.CollectionFactory] - JDK 1.4+ collections available
2007-03-24 23:43:17,031 INFO [org.springframework.core.CollectionFactory] - Commons Collections 3.x available
2007-03-24 23:43:17,140 INFO [org.springframework.beans.factory.xml.XmlBeanDefinitionReader] - Loading XML bean definitions from file [F:\Projects\eclipsesn\mmsweb\build\classes\applicationContext-iBatis.xml]
2007-03-24 23:43:17,421 INFO [org.springframework.context.support.ClassPathXmlApplicationContext] - Bean factory for application context [org.springframework.context.support.ClassPathXmlApplicationContext;hashCode=10736847]: org.springframework.beans.factory.support.DefaultListableBeanFactory defining beans [propertyConfigurer,dataSource,sqlMapClient,transactionManager,personManager,personDao]; root of BeanFactory hierarchy
2007-03-24 23:43:17,421 INFO [org.springframework.context.support.ClassPathXmlApplicationContext] - 6 beans defined in application context [org.springframework.context.support.ClassPathXmlApplicationContext;hashCode=10736847]
2007-03-24 23:43:17,546 INFO [org.springframework.beans.factory.config.PropertyPlaceholderConfigurer] - Loading properties file from class path resource [jdbc.properties]
2007-03-24 23:43:17,562 INFO [org.springframework.context.support.ClassPathXmlApplicationContext] - Unable to locate MessageSource with name 'messageSource': using default [org.springframework.context.support.DelegatingMessageSource@165a3c2]
2007-03-24 23:43:17,562 INFO [org.springframework.context.support.ClassPathXmlApplicationContext] - Unable to locate ApplicationEventMulticaster with name 'applicationEventMulticaster': using default [org.springframework.context.event.SimpleApplicationEventMulticaster@1bb5c09]
2007-03-24 23:43:17,562 INFO [org.springframework.beans.factory.support.DefaultListableBeanFactory] - Pre-instantiating singletons in factory [org.springframework.beans.factory.support.DefaultListableBeanFactory defining beans [propertyConfigurer,dataSource,sqlMapClient,transactionManager,personManager,personDao]; root of BeanFactory hierarchy]
2007-03-24 23:43:18,031 INFO [org.springframework.jdbc.datasource.JdbcTransactionObjectSupport] - JDBC 3.0 Savepoint class is available
2007-03-24 23:43:18,640 INFO [org.grindyproject.generic.dao.PersonDaoTest] - Began transaction (1): transaction manager [org.springframework.jdbc.datasource.DataSourceTransactionManager@16ef71]; default rollback = true
2007-03-24 23:43:18,671 INFO [org.grindyproject.generic.dao.PersonDaoTest] - Rolled back transaction after test execution
2007-03-24 23:43:18,671 INFO [org.springframework.context.support.ClassPathXmlApplicationContext] - Closing application context [org.springframework.context.support.ClassPathXmlApplicationContext;hashCode=10736847]
2007-03-24 23:43:18,671 INFO [org.springframework.beans.factory.support.DefaultListableBeanFactory] - Destroying singletons in {org.springframework.beans.factory.support.DefaultListableBeanFactory defining beans [propertyConfigurer,dataSource,sqlMapClient,transactionManager,personManager,personDao]; root of BeanFactory hierarchy}
2007-03-25 00:00:08,000 INFO [org.grindyproject.generic.dao.PersonDaoTest] - Loading context for: classpath:applicationContext-*.xml
2007-03-25 00:00:08,062 INFO [org.springframework.core.CollectionFactory] - JDK 1.4+ collections available
2007-03-25 00:00:08,062 INFO [org.springframework.core.CollectionFactory] - Commons Collections 3.x available
2007-03-25 00:00:08,140 INFO [org.springframework.beans.factory.xml.XmlBeanDefinitionReader] - Loading XML bean definitions from file [F:\Projects\eclipsesn\mmsweb\build\classes\applicationContext-iBatis.xml]
2007-03-25 00:00:08,390 INFO [org.springframework.context.support.ClassPathXmlApplicationContext] - Bean factory for application context [org.springframework.context.support.ClassPathXmlApplicationContext;hashCode=10736847]: org.springframework.beans.factory.support.DefaultListableBeanFactory defining beans [propertyConfigurer,dataSource,sqlMapClient,transactionManager,personManager,personDao]; root of BeanFactory hierarchy
2007-03-25 00:00:08,406 INFO [org.springframework.context.support.ClassPathXmlApplicationContext] - 6 beans defined in application context [org.springframework.context.support.ClassPathXmlApplicationContext;hashCode=10736847]
2007-03-25 00:00:08,500 INFO [org.springframework.beans.factory.config.PropertyPlaceholderConfigurer] - Loading properties file from class path resource [jdbc.properties]
2007-03-25 00:00:08,531 INFO [org.springframework.context.support.ClassPathXmlApplicationContext] - Unable to locate MessageSource with name 'messageSource': using default [org.springframework.context.support.DelegatingMessageSource@165a3c2]
2007-03-25 00:00:08,531 INFO [org.springframework.context.support.ClassPathXmlApplicationContext] - Unable to locate ApplicationEventMulticaster with name 'applicationEventMulticaster': using default [org.springframework.context.event.SimpleApplicationEventMulticaster@1bb5c09]
2007-03-25 00:00:08,531 INFO [org.springframework.beans.factory.support.DefaultListableBeanFactory] - Pre-instantiating singletons in factory [org.springframework.beans.factory.support.DefaultListableBeanFactory defining beans [propertyConfigurer,dataSource,sqlMapClient,transactionManager,personManager,personDao]; root of BeanFactory hierarchy]
2007-03-25 00:00:08,921 INFO [org.springframework.jdbc.datasource.JdbcTransactionObjectSupport] - JDBC 3.0 Savepoint class is available
2007-03-25 00:00:09,421 INFO [org.grindyproject.generic.dao.PersonDaoTest] - Began transaction (1): transaction manager [org.springframework.jdbc.datasource.DataSourceTransactionManager@16ef71]; default rollback = true
2007-03-25 00:00:09,437 INFO [org.grindyproject.generic.dao.PersonDaoTest] - Rolled back transaction after test execution
2007-03-25 00:00:09,453 INFO [org.springframework.context.support.ClassPathXmlApplicationContext] - Closing application context [org.springframework.context.support.ClassPathXmlApplicationContext;hashCode=10736847]
2007-03-25 00:00:09,453 INFO [org.springframework.beans.factory.support.DefaultListableBeanFactory] - Destroying singletons in {org.springframework.beans.factory.support.DefaultListableBeanFactory defining beans [propertyConfigurer,dataSource,sqlMapClient,transactionManager,personManager,personDao]; root of BeanFactory hierarchy}
2007-03-25 00:12:35,796 INFO [org.grindyproject.generic.dao.PersonDaoTest] - Loading context for: classpath:applicationContext-*.xml
2007-03-25 00:12:35,890 INFO [org.springframework.core.CollectionFactory] - JDK 1.4+ collections available
2007-03-25 00:12:35,890 INFO [org.springframework.core.CollectionFactory] - Commons Collections 3.x available
2007-03-25 00:12:36,000 INFO [org.springframework.beans.factory.xml.XmlBeanDefinitionReader] - Loading XML bean definitions from file [F:\Projects\eclipsesn\mmsweb\build\classes\applicationContext-iBatis.xml]
2007-03-25 00:12:36,250 INFO [org.springframework.context.support.ClassPathXmlApplicationContext] - Bean factory for application context [org.springframework.context.support.ClassPathXmlApplicationContext;hashCode=10736847]: org.springframework.beans.factory.support.DefaultListableBeanFactory defining beans [propertyConfigurer,dataSource,sqlMapClient,transactionManager,personManager,personDao]; root of BeanFactory hierarchy
2007-03-25 00:12:36,265 INFO [org.springframework.context.support.ClassPathXmlApplicationContext] - 6 beans defined in application context [org.springframework.context.support.ClassPathXmlApplicationContext;hashCode=10736847]
2007-03-25 00:12:36,359 INFO [org.springframework.beans.factory.config.PropertyPlaceholderConfigurer] - Loading properties file from class path resource [jdbc.properties]
2007-03-25 00:12:36,359 INFO [org.springframework.context.support.ClassPathXmlApplicationContext] - Unable to locate MessageSource with name 'messageSource': using default [org.springframework.context.support.DelegatingMessageSource@165a3c2]
2007-03-25 00:12:36,390 INFO [org.springframework.context.support.ClassPathXmlApplicationContext] - Unable to locate ApplicationEventMulticaster with name 'applicationEventMulticaster': using default [org.springframework.context.event.SimpleApplicationEventMulticaster@1bb5c09]
2007-03-25 00:12:36,390 INFO [org.springframework.beans.factory.support.DefaultListableBeanFactory] - Pre-instantiating singletons in factory [org.springframework.beans.factory.support.DefaultListableBeanFactory defining beans [propertyConfigurer,dataSource,sqlMapClient,transactionManager,personManager,personDao]; root of BeanFactory hierarchy]
2007-03-25 00:12:36,781 INFO [org.springframework.jdbc.datasource.JdbcTransactionObjectSupport] - JDBC 3.0 Savepoint class is available
2007-03-25 00:12:37,281 INFO [org.grindyproject.generic.dao.PersonDaoTest] - Began transaction (1): transaction manager [org.springframework.jdbc.datasource.DataSourceTransactionManager@16ef71]; default rollback = true
2007-03-25 00:12:37,296 INFO [org.grindyproject.generic.dao.PersonDaoTest] - Rolled back transaction after test execution
2007-03-25 00:12:37,312 INFO [org.springframework.context.support.ClassPathXmlApplicationContext] - Closing application context [org.springframework.context.support.ClassPathXmlApplicationContext;hashCode=10736847]
2007-03-25 00:12:37,312 INFO [org.springframework.beans.factory.support.DefaultListableBeanFactory] - Destroying singletons in {org.springframework.beans.factory.support.DefaultListableBeanFactory defining beans [propertyConfigurer,dataSource,sqlMapClient,transactionManager,personManager,personDao]; root of BeanFactory hierarchy}
2007-03-25 00:17:17,765 INFO [org.grindyproject.generic.dao.PersonDaoTest] - Loading context for: classpath:applicationContext-*.xml
2007-03-25 00:17:17,843 INFO [org.springframework.core.CollectionFactory] - JDK 1.4+ collections available
2007-03-25 00:17:17,843 INFO [org.springframework.core.CollectionFactory] - Commons Collections 3.x available
2007-03-25 00:17:17,921 INFO [org.springframework.beans.factory.xml.XmlBeanDefinitionReader] - Loading XML bean definitions from file [F:\Projects\eclipsesn\mmsweb\build\classes\applicationContext-iBatis.xml]
2007-03-25 00:17:18,171 INFO [org.springframework.context.support.ClassPathXmlApplicationContext] - Bean factory for application context [org.springframework.context.support.ClassPathXmlApplicationContext;hashCode=10736847]: org.springframework.beans.factory.support.DefaultListableBeanFactory defining beans [propertyConfigurer,dataSource,sqlMapClient,transactionManager,personManager,personDao]; root of BeanFactory hierarchy
2007-03-25 00:17:18,187 INFO [org.springframework.context.support.ClassPathXmlApplicationContext] - 6 beans defined in application context [org.springframework.context.support.ClassPathXmlApplicationContext;hashCode=10736847]
2007-03-25 00:17:18,281 INFO [org.springframework.beans.factory.config.PropertyPlaceholderConfigurer] - Loading properties file from class path resource [jdbc.properties]
2007-03-25 00:17:18,296 INFO [org.springframework.context.support.ClassPathXmlApplicationContext] - Unable to locate MessageSource with name 'messageSource': using default [org.springframework.context.support.DelegatingMessageSource@165a3c2]
2007-03-25 00:17:18,296 INFO [org.springframework.context.support.ClassPathXmlApplicationContext] - Unable to locate ApplicationEventMulticaster with name 'applicationEventMulticaster': using default [org.springframework.context.event.SimpleApplicationEventMulticaster@1bb5c09]
2007-03-25 00:17:18,296 INFO [org.springframework.beans.factory.support.DefaultListableBeanFactory] - Pre-instantiating singletons in factory [org.springframework.beans.factory.support.DefaultListableBeanFactory defining beans [propertyConfigurer,dataSource,sqlMapClient,transactionManager,personManager,personDao]; root of BeanFactory hierarchy]
2007-03-25 00:17:18,703 INFO [org.springframework.jdbc.datasource.JdbcTransactionObjectSupport] - JDBC 3.0 Savepoint class is available
2007-03-25 00:17:19,203 INFO [org.grindyproject.generic.dao.PersonDaoTest] - Began transaction (1): transaction manager [org.springframework.jdbc.datasource.DataSourceTransactionManager@16ef71]; default rollback = true
2007-03-25 00:17:19,203 INFO [org.grindyproject.generic.dao.PersonDaoTest] - Rolled back transaction after test execution
2007-03-25 00:17:19,234 INFO [org.springframework.context.support.ClassPathXmlApplicationContext] - Closing application context [org.springframework.context.support.ClassPathXmlApplicationContext;hashCode=10736847]
2007-03-25 00:17:19,234 INFO [org.springframework.beans.factory.support.DefaultListableBeanFactory] - Destroying singletons in {org.springframework.beans.factory.support.DefaultListableBeanFactory defining beans [propertyConfigurer,dataSource,sqlMapClient,transactionManager,personManager,personDao]; root of BeanFactory hierarchy}
2007-03-25 00:19:24,937 INFO [org.grindyproject.generic.dao.PersonDaoTest] - Loading context for: classpath:applicationContext-*.xml
2007-03-25 00:19:25,015 INFO [org.springframework.core.CollectionFactory] - JDK 1.4+ collections available
2007-03-25 00:19:25,015 INFO [org.springframework.core.CollectionFactory] - Commons Collections 3.x available
2007-03-25 00:19:25,093 INFO [org.springframework.beans.factory.xml.XmlBeanDefinitionReader] - Loading XML bean definitions from file [F:\Projects\eclipsesn\mmsweb\build\classes\applicationContext-iBatis.xml]
2007-03-25 00:19:25,343 INFO [org.springframework.context.support.ClassPathXmlApplicationContext] - Bean factory for application context [org.springframework.context.support.ClassPathXmlApplicationContext;hashCode=10736847]: org.springframework.beans.factory.support.DefaultListableBeanFactory defining beans [propertyConfigurer,dataSource,sqlMapClient,transactionManager,personManager,personDao]; root of BeanFactory hierarchy
2007-03-25 00:19:25,359 INFO [org.springframework.context.support.ClassPathXmlApplicationContext] - 6 beans defined in application context [org.springframework.context.support.ClassPathXmlApplicationContext;hashCode=10736847]
2007-03-25 00:19:25,453 INFO [org.springframework.beans.factory.config.PropertyPlaceholderConfigurer] - Loading properties file from class path resource [jdbc.properties]
2007-03-25 00:19:25,484 INFO [org.springframework.context.support.ClassPathXmlApplicationContext] - Unable to locate MessageSource with name 'messageSource': using default [org.springframework.context.support.DelegatingMessageSource@165a3c2]
2007-03-25 00:19:25,484 INFO [org.springframework.context.support.ClassPathXmlApplicationContext] - Unable to locate ApplicationEventMulticaster with name 'applicationEventMulticaster': using default [org.springframework.context.event.SimpleApplicationEventMulticaster@1bb5c09]
2007-03-25 00:19:25,484 INFO [org.springframework.beans.factory.support.DefaultListableBeanFactory] - Pre-instantiating singletons in factory [org.springframework.beans.factory.support.DefaultListableBeanFactory defining beans [propertyConfigurer,dataSource,sqlMapClient,transactionManager,personManager,personDao]; root of BeanFactory hierarchy]
2007-03-25 00:19:25,906 INFO [org.springframework.jdbc.datasource.JdbcTransactionObjectSupport] - JDBC 3.0 Savepoint class is available
2007-03-25 00:19:26,406 INFO [org.grindyproject.generic.dao.PersonDaoTest] - Began transaction (1): transaction manager [org.springframework.jdbc.datasource.DataSourceTransactionManager@16ef71]; default rollback = true
2007-03-25 00:19:26,421 INFO [org.grindyproject.generic.dao.PersonDaoTest] - Rolled back transaction after test execution
2007-03-25 00:19:26,437 INFO [org.springframework.context.support.ClassPathXmlApplicationContext] - Closing application context [org.springframework.context.support.ClassPathXmlApplicationContext;hashCode=10736847]
2007-03-25 00:19:26,437 INFO [org.springframework.beans.factory.support.DefaultListableBeanFactory] - Destroying singletons in {org.springframework.beans.factory.support.DefaultListableBeanFactory defining beans [propertyConfigurer,dataSource,sqlMapClient,transactionManager,personManager,personDao]; root of BeanFactory hierarchy}
2007-03-25 01:05:53,781 INFO [org.grindyproject.generic.dao.PersonDaoTest] - Loading context for: classpath:applicationContext-*.xml
2007-03-25 01:05:54,031 INFO [org.springframework.core.CollectionFactory] - JDK 1.4+ collections available
2007-03-25 01:05:54,046 INFO [org.springframework.core.CollectionFactory] - Commons Collections 3.x available
2007-03-25 01:05:54,171 INFO [org.springframework.beans.factory.xml.XmlBeanDefinitionReader] - Loading XML bean definitions from file [F:\Projects\eclipsesn\mmsweb\build\classes\applicationContext-iBatis.xml]
2007-03-25 01:05:54,453 INFO [org.springframework.context.support.ClassPathXmlApplicationContext] - Bean factory for application context [org.springframework.context.support.ClassPathXmlApplicationContext;hashCode=27249769]: org.springframework.beans.factory.support.DefaultListableBeanFactory defining beans [propertyConfigurer,dataSource,sqlMapClient,transactionManager,personManager,personDao]; root of BeanFactory hierarchy
2007-03-25 01:05:54,468 INFO [org.springframework.context.support.ClassPathXmlApplicationContext] - 6 beans defined in application context [org.springframework.context.support.ClassPathXmlApplicationContext;hashCode=27249769]
2007-03-25 01:05:54,609 INFO [org.springframework.beans.factory.config.PropertyPlaceholderConfigurer] - Loading properties file from class path resource [jdbc.properties]
2007-03-25 01:05:54,625 INFO [org.springframework.context.support.ClassPathXmlApplicationContext] - Unable to locate MessageSource with name 'messageSource': using default [org.springframework.context.support.DelegatingMessageSource@14da8f4]
2007-03-25 01:05:54,625 INFO [org.springframework.context.support.ClassPathXmlApplicationContext] - Unable to locate ApplicationEventMulticaster with name 'applicationEventMulticaster': using default [org.springframework.context.event.SimpleApplicationEventMulticaster@115273a]
2007-03-25 01:05:54,625 INFO [org.springframework.beans.factory.support.DefaultListableBeanFactory] - Pre-instantiating singletons in factory [org.springframework.beans.factory.support.DefaultListableBeanFactory defining beans [propertyConfigurer,dataSource,sqlMapClient,transactionManager,personManager,personDao]; root of BeanFactory hierarchy]
2007-03-25 01:05:55,078 INFO [org.springframework.jdbc.datasource.JdbcTransactionObjectSupport] - JDBC 3.0 Savepoint class is available
2007-03-25 01:05:55,656 INFO [org.grindyproject.generic.dao.PersonDaoTest] - Began transaction (1): transaction manager [org.springframework.jdbc.datasource.DataSourceTransactionManager@176cad3]; default rollback = true
2007-03-25 01:05:55,703 INFO [org.grindyproject.generic.dao.PersonDaoTest] - Rolled back transaction after test execution
2007-03-25 01:05:55,703 INFO [org.springframework.context.support.ClassPathXmlApplicationContext] - Closing application context [org.springframework.context.support.ClassPathXmlApplicationContext;hashCode=27249769]
2007-03-25 01:05:55,703 INFO [org.springframework.beans.factory.support.DefaultListableBeanFactory] - Destroying singletons in {org.springframework.beans.factory.support.DefaultListableBeanFactory defining beans [propertyConfigurer,dataSource,sqlMapClient,transactionManager,personManager,personDao]; root of BeanFactory hierarchy}
2007-03-25 01:06:35,484 INFO [org.grindyproject.generic.dao.PersonDaoTest] - Loading context for: classpath:applicationContext-*.xml
2007-03-25 01:06:35,546 INFO [org.springframework.core.CollectionFactory] - JDK 1.4+ collections available
2007-03-25 01:06:35,546 INFO [org.springframework.core.CollectionFactory] - Commons Collections 3.x available
2007-03-25 01:06:35,625 INFO [org.springframework.beans.factory.xml.XmlBeanDefinitionReader] - Loading XML bean definitions from file [F:\Projects\eclipsesn\mmsweb\build\classes\applicationContext-iBatis.xml]
2007-03-25 01:06:35,953 INFO [org.springframework.context.support.ClassPathXmlApplicationContext] - Bean factory for application context [org.springframework.context.support.ClassPathXmlApplicationContext;hashCode=27249769]: org.springframework.beans.factory.support.DefaultListableBeanFactory defining beans [propertyConfigurer,dataSource,sqlMapClient,transactionManager,personManager,personDao]; root of BeanFactory hierarchy
2007-03-25 01:06:35,953 INFO [org.springframework.context.support.ClassPathXmlApplicationContext] - 6 beans defined in application context [org.springframework.context.support.ClassPathXmlApplicationContext;hashCode=27249769]
2007-03-25 01:06:36,062 INFO [org.springframework.beans.factory.config.PropertyPlaceholderConfigurer] - Loading properties file from class path resource [jdbc.properties]
2007-03-25 01:06:36,062 INFO [org.springframework.context.support.ClassPathXmlApplicationContext] - Unable to locate MessageSource with name 'messageSource': using default [org.springframework.context.support.DelegatingMessageSource@14da8f4]
2007-03-25 01:06:36,062 INFO [org.springframework.context.support.ClassPathXmlApplicationContext] - Unable to locate ApplicationEventMulticaster with name 'applicationEventMulticaster': using default [org.springframework.context.event.SimpleApplicationEventMulticaster@115273a]
2007-03-25 01:06:36,062 INFO [org.springframework.beans.factory.support.DefaultListableBeanFactory] - Pre-instantiating singletons in factory [org.springframework.beans.factory.support.DefaultListableBeanFactory defining beans [propertyConfigurer,dataSource,sqlMapClient,transactionManager,personManager,personDao]; root of BeanFactory hierarchy]
2007-03-25 01:06:36,468 INFO [org.springframework.jdbc.datasource.JdbcTransactionObjectSupport] - JDBC 3.0 Savepoint class is available
2007-03-25 01:06:37,015 INFO [org.grindyproject.generic.dao.PersonDaoTest] - Began transaction (1): transaction manager [org.springframework.jdbc.datasource.DataSourceTransactionManager@176cad3]; default rollback = true
2007-03-25 01:06:37,046 INFO [org.grindyproject.generic.dao.PersonDaoTest] - Rolled back transaction after test execution
2007-03-25 01:06:37,046 INFO [org.springframework.context.support.ClassPathXmlApplicationContext] - Closing application context [org.springframework.context.support.ClassPathXmlApplicationContext;hashCode=27249769]
2007-03-25 01:06:37,046 INFO [org.springframework.beans.factory.support.DefaultListableBeanFactory] - Destroying singletons in {org.springframework.beans.factory.support.DefaultListableBeanFactory defining beans [propertyConfigurer,dataSource,sqlMapClient,transactionManager,personManager,personDao]; root of BeanFactory hierarchy}
2007-03-25 01:07:01,359 INFO [org.grindyproject.generic.dao.PersonDaoTest] - Loading context for: classpath:applicationContext-*.xml
2007-03-25 01:07:01,453 INFO [org.springframework.core.CollectionFactory] - JDK 1.4+ collections available
2007-03-25 01:07:01,468 INFO [org.springframework.core.CollectionFactory] - Commons Collections 3.x available
2007-03-25 01:07:01,531 INFO [org.springframework.beans.factory.xml.XmlBeanDefinitionReader] - Loading XML bean definitions from file [F:\Projects\eclipsesn\mmsweb\build\classes\applicationContext-iBatis.xml]
2007-03-25 01:07:01,781 INFO [org.springframework.context.support.ClassPathXmlApplicationContext] - Bean factory for application context [org.springframework.context.support.ClassPathXmlApplicationContext;hashCode=27249769]: org.springframework.beans.factory.support.DefaultListableBeanFactory defining beans [propertyConfigurer,dataSource,sqlMapClient,transactionManager,personManager,personDao]; root of BeanFactory hierarchy
2007-03-25 01:07:01,796 INFO [org.springframework.context.support.ClassPathXmlApplicationContext] - 6 beans defined in application context [org.springframework.context.support.ClassPathXmlApplicationContext;hashCode=27249769]
2007-03-25 01:07:01,890 INFO [org.springframework.beans.factory.config.PropertyPlaceholderConfigurer] - Loading properties file from class path resource [jdbc.properties]
2007-03-25 01:07:01,906 INFO [org.springframework.context.support.ClassPathXmlApplicationContext] - Unable to locate MessageSource with name 'messageSource': using default [org.springframework.context.support.DelegatingMessageSource@14da8f4]
2007-03-25 01:07:01,906 INFO [org.springframework.context.support.ClassPathXmlApplicationContext] - Unable to locate ApplicationEventMulticaster with name 'applicationEventMulticaster': using default [org.springframework.context.event.SimpleApplicationEventMulticaster@115273a]
2007-03-25 01:07:01,906 INFO [org.springframework.beans.factory.support.DefaultListableBeanFactory] - Pre-instantiating singletons in factory [org.springframework.beans.factory.support.DefaultListableBeanFactory defining beans [propertyConfigurer,dataSource,sqlMapClient,transactionManager,personManager,personDao]; root of BeanFactory hierarchy]
2007-03-25 01:07:02,343 INFO [org.springframework.jdbc.datasource.JdbcTransactionObjectSupport] - JDBC 3.0 Savepoint class is available
2007-03-25 01:07:02,828 INFO [org.grindyproject.generic.dao.PersonDaoTest] - Began transaction (1): transaction manager [org.springframework.jdbc.datasource.DataSourceTransactionManager@176cad3]; default rollback = true
2007-03-25 01:07:02,859 INFO [org.grindyproject.generic.dao.PersonDaoTest] - Rolled back transaction after test execution
2007-03-25 01:07:02,859 INFO [org.springframework.context.support.ClassPathXmlApplicationContext] - Closing application context [org.springframework.context.support.ClassPathXmlApplicationContext;hashCode=27249769]
2007-03-25 01:07:02,859 INFO [org.springframework.beans.factory.support.DefaultListableBeanFactory] - Destroying singletons in {org.springframework.beans.factory.support.DefaultListableBeanFactory defining beans [propertyConfigurer,dataSource,sqlMapClient,transactionManager,personManager,personDao]; root of BeanFactory hierarchy}
2007-03-25 01:07:52,250 INFO [org.grindyproject.generic.dao.PersonDaoTest] - Loading context for: classpath:applicationContext-*.xml
2007-03-25 01:07:52,328 INFO [org.springframework.core.CollectionFactory] - JDK 1.4+ collections available
2007-03-25 01:07:52,328 INFO [org.springframework.core.CollectionFactory] - Commons Collections 3.x available
2007-03-25 01:07:52,421 INFO [org.springframework.beans.factory.xml.XmlBeanDefinitionReader] - Loading XML bean definitions from file [F:\Projects\eclipsesn\mmsweb\build\classes\applicationContext-iBatis.xml]
2007-03-25 01:07:52,734 INFO [org.springframework.context.support.ClassPathXmlApplicationContext] - Bean factory for application context [org.springframework.context.support.ClassPathXmlApplicationContext;hashCode=27249769]: org.springframework.beans.factory.support.DefaultListableBeanFactory defining beans [propertyConfigurer,dataSource,sqlMapClient,transactionManager,personManager,personDao]; root of BeanFactory hierarchy
2007-03-25 01:07:52,750 INFO [org.springframework.context.support.ClassPathXmlApplicationContext] - 6 beans defined in application context [org.springframework.context.support.ClassPathXmlApplicationContext;hashCode=27249769]
2007-03-25 01:07:52,859 INFO [org.springframework.beans.factory.config.PropertyPlaceholderConfigurer] - Loading properties file from class path resource [jdbc.properties]
2007-03-25 01:07:52,859 INFO [org.springframework.context.support.ClassPathXmlApplicationContext] - Unable to locate MessageSource with name 'messageSource': using default [org.springframework.context.support.DelegatingMessageSource@14da8f4]
2007-03-25 01:07:52,859 INFO [org.springframework.context.support.ClassPathXmlApplicationContext] - Unable to locate ApplicationEventMulticaster with name 'applicationEventMulticaster': using default [org.springframework.context.event.SimpleApplicationEventMulticaster@115273a]
2007-03-25 01:07:52,875 INFO [org.springframework.beans.factory.support.DefaultListableBeanFactory] - Pre-instantiating singletons in factory [org.springframework.beans.factory.support.DefaultListableBeanFactory defining beans [propertyConfigurer,dataSource,sqlMapClient,transactionManager,personManager,personDao]; root of BeanFactory hierarchy]
2007-03-25 01:07:53,265 INFO [org.springframework.jdbc.datasource.JdbcTransactionObjectSupport] - JDBC 3.0 Savepoint class is available
2007-03-25 01:07:53,859 INFO [org.grindyproject.generic.dao.PersonDaoTest] - Began transaction (1): transaction manager [org.springframework.jdbc.datasource.DataSourceTransactionManager@176cad3]; default rollback = true
2007-03-25 01:07:53,859 INFO [org.grindyproject.generic.dao.PersonDaoTest] - Rolled back transaction after test execution
2007-03-25 01:07:53,906 INFO [org.springframework.context.support.ClassPathXmlApplicationContext] - Closing application context [org.springframework.context.support.ClassPathXmlApplicationContext;hashCode=27249769]
2007-03-25 01:07:53,906 INFO [org.springframework.beans.factory.support.DefaultListableBeanFactory] - Destroying singletons in {org.springframework.beans.factory.support.DefaultListableBeanFactory defining beans [propertyConfigurer,dataSource,sqlMapClient,transactionManager,personManager,personDao]; root of BeanFactory hierarchy}
